<?xml version="1.0" encoding="UTF-8" standalone="no"?>
<testsuite failures="0" name="cucumber.runtime.formatter.JUnitFormatter" skipped="0" tests="2" time="34.463572">
    <testcase classname="Free CRM Login Feature" name="Free CRM Login Test Scenario" time="22.824435">
        <system-out>
            <![CDATA[Given user is already on Login Page.........................................passed
When title of login page is account login...................................passed
Then user enters useremail and password.....................................passed
Then user clicks on login button............................................passed
Then user is on accounts page...............................................passed
]]>
        </system-out>
    </testcase>
    <testcase classname="Free CRM Login Feature" name="Free CRM Login Test Scenario" time="11.639137">
        <system-out>
            <![CDATA[Given user is already on Account login Page.................................passed
When title of login page is Account login...................................passed
Then user click on Desktopbtn...............................................passed
Then user click on mac btn..................................................passed
Then user is on catogery page...............................................passed
]]>
        </system-out>
    </testcase>
</testsuite>
